<?xml version="1.0" encoding="UTF-8"?>
<!-- Generated by org.testng.reporters.JUnitReportReporter -->
<testsuite skipped="0" hostname="HVDIVD27GA41104" name="test.homeloan" tests="3" failures="0" timestamp="24 Jun 2019 19:06:57 GMT" time="0.006" errors="0">
  <testcase name="homemobileLogin" time="0.004" classname="test.homeloan"/>
  <testcase name="homeapiLogin" time="0.001" classname="test.homeloan"/>
  <testcase name="homewebLogin" time="0.001" classname="test.homeloan"/>
</testsuite> <!-- test.homeloan -->
